Sat Mar 15 02:01:48 BRT 2014 Thread[AWT-EventQueue-0,6,main] Cleanup action starting
java.sql.SQLException: Database 'HEARTGEARDB' not found.
	at org.apache.derby.impl.jdbc.SQLExceptionFactory40.getSQLException(Unknown Source)
	at org.apache.derby.impl.jdbc.Util.newEmbedSQLException(Unknown Source)
	at org.apache.derby.impl.jdbc.Util.newEmbedSQLException(Unknown Source)
	at org.apache.derby.impl.jdbc.Util.generateCsSQLException(Unknown Source)
	at org.apache.derby.impl.jdbc.EmbedConnection.newSQLException(Unknown Source)
	at org.apache.derby.impl.jdbc.EmbedConnection.handleDBNotFound(Unknown Source)
	at org.apache.derby.impl.jdbc.EmbedConnection.<init>(Unknown Source)
	at org.apache.derby.impl.jdbc.EmbedConnection40.<init>(Unknown Source)
	at org.apache.derby.jdbc.Driver40.getNewEmbedConnection(Unknown Source)
	at org.apache.derby.jdbc.InternalDriver.connect(Unknown Source)
	at org.apache.derby.jdbc.Driver20.connect(Unknown Source)
	at org.apache.derby.jdbc.AutoloadedDriver.connect(Unknown Source)
	at java.sql.DriverManager.getConnection(DriverManager.java:571)
	at java.sql.DriverManager.getConnection(DriverManager.java:233)
	at com.sdk.connector.db.HearGearDB.connect(HearGearDB.java:146)
	at com.sdk.connector.db.RecordingSamples.run(RecordingSamples.java:69)
	at com.sdk.connector.db.DatabaseTopComponent.<init>(DatabaseTopComponent.java:68)
	at com.sdk.connector.db.DatabaseTopComponent.getDefault(DatabaseTopComponent.java:655)
	at sun.reflect.NativeMethodAccessorImpl.invoke0(Native Method)
	at sun.reflect.NativeMethodAccessorImpl.invoke(NativeMethodAccessorImpl.java:57)
	at sun.reflect.DelegatingMethodAccessorImpl.invoke(DelegatingMethodAccessorImpl.java:43)
	at java.lang.reflect.Method.invoke(Method.java:606)
	at org.netbeans.modules.settings.convertors.XMLSettingsSupport$SettingsRecognizer.createFromMethod(XMLSettingsSupport.java:697)
	at org.netbeans.modules.settings.convertors.XMLSettingsSupport$SettingsRecognizer.instanceCreate(XMLSettingsSupport.java:608)
	at org.netbeans.modules.settings.convertors.SerialDataConvertor$SettingsInstance.instanceCreate(SerialDataConvertor.java:426)
	at org.netbeans.core.windows.persistence.PersistenceManager.getTopComponentPersistentForID(PersistenceManager.java:571)
	at org.netbeans.core.windows.persistence.PersistenceManager.getTopComponentForID(PersistenceManager.java:681)
	at org.netbeans.core.windows.PersistenceHandler.getTopComponentForID(PersistenceHandler.java:478)
	at org.netbeans.core.windows.WindowManagerImpl.getTopComponentForID(WindowManagerImpl.java:962)
	at org.netbeans.core.windows.WindowManagerImpl.findTopComponent(WindowManagerImpl.java:292)
	at com.sdk.connector.db.DatabaseTopComponent.findInstance(DatabaseTopComponent.java:664)
	at com.sdk.connector.ButtonsBar$1.run(ButtonsBar.java:162)
	at org.netbeans.core.windows.WindowManagerImpl$Exclusive$1.run(WindowManagerImpl.java:1563)
	at java.awt.event.InvocationEvent.dispatch(InvocationEvent.java:251)
	at java.awt.EventQueue.dispatchEventImpl(EventQueue.java:733)
	at java.awt.EventQueue.access$200(EventQueue.java:103)
	at java.awt.EventQueue$3.run(EventQueue.java:694)
	at java.awt.EventQueue$3.run(EventQueue.java:692)
	at java.security.AccessController.doPrivileged(Native Method)
	at java.security.ProtectionDomain$1.doIntersectionPrivilege(ProtectionDomain.java:76)
	at java.awt.EventQueue.dispatchEvent(EventQueue.java:703)
	at org.netbeans.core.TimableEventQueue.dispatchEvent(TimableEventQueue.java:159)
	at java.awt.EventDispatchThread.pumpOneEventForFilters(EventDispatchThread.java:242)
	at java.awt.EventDispatchThread.pumpEventsForFilter(EventDispatchThread.java:161)
	at java.awt.EventDispatchThread.pumpEventsForHierarchy(EventDispatchThread.java:150)
	at java.awt.EventDispatchThread.pumpEvents(EventDispatchThread.java:146)
	at java.awt.EventDispatchThread.pumpEvents(EventDispatchThread.java:138)
	at java.awt.EventDispatchThread.run(EventDispatchThread.java:91)
Caused by: java.sql.SQLException: Database 'HEARTGEARDB' not found.
	at org.apache.derby.impl.jdbc.SQLExceptionFactory.getSQLException(Unknown Source)
	at org.apache.derby.impl.jdbc.SQLExceptionFactory40.wrapArgsForTransportAcrossDRDA(Unknown Source)
	... 48 more
============= begin nested exception, level (1) ===========
java.sql.SQLException: Database 'HEARTGEARDB' not found.
	at org.apache.derby.impl.jdbc.SQLExceptionFactory.getSQLException(Unknown Source)
	at org.apache.derby.impl.jdbc.SQLExceptionFactory40.wrapArgsForTransportAcrossDRDA(Unknown Source)
	at org.apache.derby.impl.jdbc.SQLExceptionFactory40.getSQLException(Unknown Source)
	at org.apache.derby.impl.jdbc.Util.newEmbedSQLException(Unknown Source)
	at org.apache.derby.impl.jdbc.Util.newEmbedSQLException(Unknown Source)
	at org.apache.derby.impl.jdbc.Util.generateCsSQLException(Unknown Source)
	at org.apache.derby.impl.jdbc.EmbedConnection.newSQLException(Unknown Source)
	at org.apache.derby.impl.jdbc.EmbedConnection.handleDBNotFound(Unknown Source)
	at org.apache.derby.impl.jdbc.EmbedConnection.<init>(Unknown Source)
	at org.apache.derby.impl.jdbc.EmbedConnection40.<init>(Unknown Source)
	at org.apache.derby.jdbc.Driver40.getNewEmbedConnection(Unknown Source)
	at org.apache.derby.jdbc.InternalDriver.connect(Unknown Source)
	at org.apache.derby.jdbc.Driver20.connect(Unknown Source)
	at org.apache.derby.jdbc.AutoloadedDriver.connect(Unknown Source)
	at java.sql.DriverManager.getConnection(DriverManager.java:571)
	at java.sql.DriverManager.getConnection(DriverManager.java:233)
	at com.sdk.connector.db.HearGearDB.connect(HearGearDB.java:146)
	at com.sdk.connector.db.RecordingSamples.run(RecordingSamples.java:69)
	at com.sdk.connector.db.DatabaseTopComponent.<init>(DatabaseTopComponent.java:68)
	at com.sdk.connector.db.DatabaseTopComponent.getDefault(DatabaseTopComponent.java:655)
	at sun.reflect.NativeMethodAccessorImpl.invoke0(Native Method)
	at sun.reflect.NativeMethodAccessorImpl.invoke(NativeMethodAccessorImpl.java:57)
	at sun.reflect.DelegatingMethodAccessorImpl.invoke(DelegatingMethodAccessorImpl.java:43)
	at java.lang.reflect.Method.invoke(Method.java:606)
	at org.netbeans.modules.settings.convertors.XMLSettingsSupport$SettingsRecognizer.createFromMethod(XMLSettingsSupport.java:697)
	at org.netbeans.modules.settings.convertors.XMLSettingsSupport$SettingsRecognizer.instanceCreate(XMLSettingsSupport.java:608)
	at org.netbeans.modules.settings.convertors.SerialDataConvertor$SettingsInstance.instanceCreate(SerialDataConvertor.java:426)
	at org.netbeans.core.windows.persistence.PersistenceManager.getTopComponentPersistentForID(PersistenceManager.java:571)
	at org.netbeans.core.windows.persistence.PersistenceManager.getTopComponentForID(PersistenceManager.java:681)
	at org.netbeans.core.windows.PersistenceHandler.getTopComponentForID(PersistenceHandler.java:478)
	at org.netbeans.core.windows.WindowManagerImpl.getTopComponentForID(WindowManagerImpl.java:962)
	at org.netbeans.core.windows.WindowManagerImpl.findTopComponent(WindowManagerImpl.java:292)
	at com.sdk.connector.db.DatabaseTopComponent.findInstance(DatabaseTopComponent.java:664)
	at com.sdk.connector.ButtonsBar$1.run(ButtonsBar.java:162)
	at org.netbeans.core.windows.WindowManagerImpl$Exclusive$1.run(WindowManagerImpl.java:1563)
	at java.awt.event.InvocationEvent.dispatch(InvocationEvent.java:251)
	at java.awt.EventQueue.dispatchEventImpl(EventQueue.java:733)
	at java.awt.EventQueue.access$200(EventQueue.java:103)
	at java.awt.EventQueue$3.run(EventQueue.java:694)
	at java.awt.EventQueue$3.run(EventQueue.java:692)
	at java.security.AccessController.doPrivileged(Native Method)
	at java.security.ProtectionDomain$1.doIntersectionPrivilege(ProtectionDomain.java:76)
	at java.awt.EventQueue.dispatchEvent(EventQueue.java:703)
	at org.netbeans.core.TimableEventQueue.dispatchEvent(TimableEventQueue.java:159)
	at java.awt.EventDispatchThread.pumpOneEventForFilters(EventDispatchThread.java:242)
	at java.awt.EventDispatchThread.pumpEventsForFilter(EventDispatchThread.java:161)
	at java.awt.EventDispatchThread.pumpEventsForHierarchy(EventDispatchThread.java:150)
	at java.awt.EventDispatchThread.pumpEvents(EventDispatchThread.java:146)
	at java.awt.EventDispatchThread.pumpEvents(EventDispatchThread.java:138)
	at java.awt.EventDispatchThread.run(EventDispatchThread.java:91)
============= end nested exception, level (1) ===========
Cleanup action completed
